*** Starting uWSGI 2.0.17 (64bit) on [Thu May  3 15:13:53 2018] ***
compiled with version: 5.4.0 20160609 on 02 May 2018 21:45:13
os: Linux-4.4.0-31-generic #50-Ubuntu SMP Wed Jul 13 00:07:12 UTC 2016
nodename: ubuntu
machine: x86_64
clock source: unix
pcre jit disabled
detected number of CPU cores: 1
current working directory: /home/python/code/dailyfresh
writing pidfile to uwsgi2.pid
detected binary path: /home/python/.virtualenvs/django_py3/bin/uwsgi
chdir() to /home/python/code/dailyfresh
your processes number limit is 11519
your memory page size is 4096 bytes
detected max file descriptor number: 1048576
lock engine: pthread robust mutexes
thunder lock: disabled (you can enable it with --thunder-lock)
uwsgi socket 0 bound to TCP address 127.0.0.1:8081 fd 3
Python version: 3.5.2 (default, Nov 23 2017, 16:37:01)  [GCC 5.4.0 20160609]
Set PythonHome to /home/python/.virtualenvs/django_py3
Python main interpreter initialized at 0xbd1430
python threads support enabled
your server socket listen backlog is limited to 100 connections
your mercy for graceful operations on workers is 60 seconds
mapped 416880 bytes (407 KB) for 8 cores
*** Operational MODE: preforking+threaded ***
WSGI app 0 (mountpoint='') ready in 1 seconds on interpreter 0xbd1430 pid: 48528 (default app)
*** uWSGI is running in multiple interpreter mode ***
spawned uWSGI master process (pid: 48528)
spawned uWSGI worker 1 (pid: 48536, cores: 2)
spawned uWSGI worker 2 (pid: 48537, cores: 2)
spawned uWSGI worker 3 (pid: 48538, cores: 2)
spawned uWSGI worker 4 (pid: 48539, cores: 2)
[pid: 48537|app: 0|req: 1/1] 127.0.0.1 () {42 vars in 740 bytes} [Thu May  3 15:15:37 2018] GET /detail/1 => generated 12906 bytes in 1034 msecs (HTTP/1.1 200) 4 headers in 224 bytes (1 switches on core 0)
[pid: 48537|app: 0|req: 2/2] 127.0.0.1 () {42 vars in 740 bytes} [Thu May  3 15:19:11 2018] GET /detail/1 => generated 12906 bytes in 64 msecs (HTTP/1.1 200) 4 headers in 224 bytes (1 switches on core 1)
[pid: 48537|app: 0|req: 3/3] 127.0.0.1 () {42 vars in 743 bytes} [Thu May  3 15:20:06 2018] GET /detail/5 => generated 11690 bytes in 54 msecs (HTTP/1.1 200) 4 headers in 224 bytes (1 switches on core 0)
[pid: 48537|app: 0|req: 4/4] 127.0.0.1 () {42 vars in 743 bytes} [Thu May  3 15:20:26 2018] GET /detail/5 => generated 11690 bytes in 90 msecs (HTTP/1.1 200) 4 headers in 224 bytes (1 switches on core 1)
[pid: 48537|app: 0|req: 5/5] 127.0.0.1 () {42 vars in 740 bytes} [Thu May  3 16:00:51 2018] GET /detail/1 => generated 12906 bytes in 82 msecs (HTTP/1.1 200) 4 headers in 224 bytes (1 switches on core 0)
*** Starting uWSGI 2.0.17 (64bit) on [Sun May  6 00:33:21 2018] ***
compiled with version: 5.4.0 20160609 on 05 May 2018 09:31:09
os: Linux-4.4.0-31-generic #50-Ubuntu SMP Wed Jul 13 00:07:12 UTC 2016
nodename: ubuntu
machine: x86_64
clock source: unix
pcre jit disabled
detected number of CPU cores: 1
current working directory: /home/python/Desktop/天天生鲜 /dailyfresh
writing pidfile to uwsgi2.pid
detected binary path: /home/python/.virtualenvs/django_py3/bin/uwsgi
chdir() to /home/python/Desktop/天天生鲜/dailyfresh
chdir(): No such file or directory [core/uwsgi.c line 2629]
*** Starting uWSGI 2.0.17 (64bit) on [Sun May  6 00:35:59 2018] ***
compiled with version: 5.4.0 20160609 on 05 May 2018 09:31:09
os: Linux-4.4.0-31-generic #50-Ubuntu SMP Wed Jul 13 00:07:12 UTC 2016
nodename: ubuntu
machine: x86_64
clock source: unix
pcre jit disabled
detected number of CPU cores: 1
current working directory: /home/python/Desktop/天天生鲜/dailyfresh
writing pidfile to uwsgi2.pid
detected binary path: /home/python/.virtualenvs/django_py3/bin/uwsgi
chdir() to /home/python/Desktop/天天生鲜/dailyfresh
your processes number limit is 7775
your memory page size is 4096 bytes
detected max file descriptor number: 1048576
lock engine: pthread robust mutexes
thunder lock: disabled (you can enable it with --thunder-lock)
uwsgi socket 0 bound to TCP address 127.0.0.1:8081 fd 3
Python version: 3.5.2 (default, Nov 23 2017, 16:37:01)  [GCC 5.4.0 20160609]
Set PythonHome to /home/python/.virtualenvs/django_py3
Python main interpreter initialized at 0x23c74c0
python threads support enabled
your server socket listen backlog is limited to 100 connections
your mercy for graceful operations on workers is 60 seconds
mapped 416880 bytes (407 KB) for 8 cores
*** Operational MODE: preforking+threaded ***
WSGI app 0 (mountpoint='') ready in 0 seconds on interpreter 0x23c74c0 pid: 11787 (default app)
*** uWSGI is running in multiple interpreter mode ***
spawned uWSGI master process (pid: 11787)
spawned uWSGI worker 1 (pid: 11792, cores: 2)
spawned uWSGI worker 2 (pid: 11793, cores: 2)
spawned uWSGI worker 3 (pid: 11794, cores: 2)
spawned uWSGI worker 4 (pid: 11795, cores: 2)
[pid: 11795|app: 0|req: 1/1] 127.0.0.1 () {42 vars in 737 bytes} [Sun May  6 00:36:14 2018] GET /detail/3 => generated 12373 bytes in 268 msecs (HTTP/1.1 200) 4 headers in 224 bytes (1 switches on core 0)
[pid: 11795|app: 0|req: 2/2] 127.0.0.1 () {42 vars in 751 bytes} [Sun May  6 00:36:21 2018] GET /users/login => generated 2470 bytes in 2 msecs (HTTP/1.1 200) 4 headers in 224 bytes (1 switches on core 1)
[pid: 11792|app: 0|req: 1/3] 127.0.0.1 () {50 vars in 925 bytes} [Sun May  6 00:36:37 2018] POST /users/login => generated 0 bytes in 218 msecs (HTTP/1.1 302) 6 headers in 336 bytes (1 switches on core 0)
[pid: 11792|app: 0|req: 2/4] 127.0.0.1 () {42 vars in 786 bytes} [Sun May  6 00:36:45 2018] GET /detail/5 => generated 11689 bytes in 126 msecs (HTTP/1.1 200) 4 headers in 224 bytes (1 switches on core 1)
[pid: 11794|app: 0|req: 1/5] 127.0.0.1 () {48 vars in 906 bytes} [Sun May  6 00:36:50 2018] POST /orders/commit => generated 62 bytes in 187 msecs (HTTP/1.1 200) 3 headers in 94 bytes (1 switches on core 0)
[pid: 11794|app: 0|req: 2/6] 127.0.0.1 () {48 vars in 902 bytes} [Sun May  6 00:36:58 2018] POST /orders/pay => generated 809 bytes in 281 msecs (HTTP/1.1 200) 3 headers in 94 bytes (1 switches on core 1)
40004 None
40004 None
40004 None
40004 None
40004 None
40004 None
40004 None
40004 None
40004 None
40004 None
40004 None
40004 None
40004 None
40004 None
40004 None
40004 None
40004 None
40004 None
40004 None
40004 None
40004 None
[pid: 11795|app: 0|req: 3/7] 127.0.0.1 () {48 vars in 906 bytes} [Sun May  6 00:37:58 2018] POST /orders/check => generated 27 bytes in 47151 msecs (HTTP/1.1 500) 3 headers in 106 bytes (1 switches on core 0)
[pid: 11795|app: 0|req: 4/8] 127.0.0.1 () {44 vars in 836 bytes} [Sun May  6 15:45:39 2018] GET /users/orders/1 => generated 7211 bytes in 878 msecs (HTTP/1.1 200) 4 headers in 224 bytes (1 switches on core 1)
[pid: 11794|app: 0|req: 3/9] 127.0.0.1 () {44 vars in 836 bytes} [Sun May  6 15:45:55 2018] GET /users/orders/1 => generated 7211 bytes in 657 msecs (HTTP/1.1 200) 4 headers in 224 bytes (1 switches on core 1)
[pid: 11792|app: 0|req: 3/10] 127.0.0.1 () {42 vars in 781 bytes} [Sun May  6 15:46:02 2018] GET /detail/1 => generated 12907 bytes in 292 msecs (HTTP/1.1 200) 4 headers in 224 bytes (1 switches on core 1)
[pid: 11793|app: 0|req: 1/11] 127.0.0.1 () {50 vars in 968 bytes} [Sun May  6 15:46:06 2018] POST /orders/place => generated 6645 bytes in 1252 msecs (HTTP/1.1 200) 4 headers in 224 bytes (1 switches on core 1)
[pid: 11794|app: 0|req: 4/12] 127.0.0.1 () {42 vars in 805 bytes} [Sun May  6 15:46:13 2018] GET /users/orders/1 => generated 7306 bytes in 57 msecs (HTTP/1.1 200) 4 headers in 224 bytes (1 switches on core 0)
[pid: 11794|app: 0|req: 5/13] 127.0.0.1 () {48 vars in 906 bytes} [Sun May  6 15:46:20 2018] POST /orders/check => generated 27 bytes in 487 msecs (HTTP/1.1 500) 3 headers in 106 bytes (1 switches on core 1)
[pid: 11794|app: 0|req: 6/14] 127.0.0.1 () {40 vars in 637 bytes} [Sun May  6 15:55:12 2018] GET /favicon.ico => generated 85 bytes in 5 msecs (HTTP/1.1 404) 2 headers in 80 bytes (1 switches on core 0)
[pid: 11794|app: 0|req: 7/15] 127.0.0.1 () {50 vars in 924 bytes} [Sun May  6 15:55:15 2018] POST /orders/place => generated 0 bytes in 12 msecs (HTTP/1.1 302) 4 headers in 164 bytes (1 switches on core 1)
[pid: 11792|app: 0|req: 4/16] 127.0.0.1 () {50 vars in 981 bytes} [Sun May  6 15:55:24 2018] POST /users/login?next=/orders/place => generated 0 bytes in 189 msecs (HTTP/1.1 302) 6 headers in 335 bytes (1 switches on core 0)
[pid: 11792|app: 0|req: 5/17] 127.0.0.1 () {44 vars in 836 bytes} [Sun May  6 15:55:24 2018] GET /cart/ => generated 11790 bytes in 26 msecs (HTTP/1.1 200) 4 headers in 224 bytes (1 switches on core 1)
[pid: 11794|app: 0|req: 8/18] 127.0.0.1 () {42 vars in 786 bytes} [Sun May  6 15:55:29 2018] GET /detail/1 => generated 12907 bytes in 90 msecs (HTTP/1.1 200) 4 headers in 224 bytes (1 switches on core 0)
[pid: 11794|app: 0|req: 9/19] 127.0.0.1 () {48 vars in 906 bytes} [Sun May  6 15:55:32 2018] POST /orders/commit => generated 62 bytes in 148 msecs (HTTP/1.1 200) 3 headers in 94 bytes (1 switches on core 1)
[pid: 11794|app: 0|req: 10/20] 127.0.0.1 () {42 vars in 807 bytes} [Sun May  6 15:55:38 2018] GET /users/orders/2 => generated 7496 bytes in 84 msecs (HTTP/1.1 200) 4 headers in 224 bytes (1 switches on core 0)
[pid: 11794|app: 0|req: 11/21] 127.0.0.1 () {42 vars in 807 bytes} [Sun May  6 15:55:40 2018] GET /users/orders/7 => generated 7924 bytes in 61 msecs (HTTP/1.1 200) 4 headers in 224 bytes (1 switches on core 1)
[pid: 11794|app: 0|req: 12/22] 127.0.0.1 () {48 vars in 902 bytes} [Sun May  6 15:55:43 2018] POST /orders/pay => generated 807 bytes in 87 msecs (HTTP/1.1 200) 3 headers in 94 bytes (1 switches on core 0)
[pid: 11793|app: 0|req: 2/23] 127.0.0.1 () {48 vars in 902 bytes} [Sun May  6 16:02:10 2018] POST /orders/pay => generated 813 bytes in 479 msecs (HTTP/1.1 200) 3 headers in 94 bytes (1 switches on core 0)
[pid: 11794|app: 0|req: 13/24] 127.0.0.1 () {42 vars in 807 bytes} [Sun May  6 16:02:19 2018] GET /users/orders/1 => generated 7388 bytes in 61 msecs (HTTP/1.1 200) 4 headers in 224 bytes (1 switches on core 1)
40004 None
40004 None
40004 None
40004 None
40004 None
40004 None
40004 None
40004 None
40004 None
40004 None
40004 None
40004 None
40004 None
40004 None
40004 None
40004 None
40004 None
40004 None
40004 None
40004 None
40004 None
40004 None
40004 None
40004 None
40004 None
40004 None
40004 None
40004 None
40004 None
40004 None
40004 None
40004 None
40004 None
40004 None
40004 None
40004 None
40004 None
40004 None
40004 None
40004 None
40004 None
40004 None
40004 None
40004 None
40004 None
40004 None
40004 None
40004 None
40004 None
40004 None
40004 None
40004 None
40004 None
40004 None
40004 None
40004 None
40004 None
40004 None
40004 None
40004 None
40004 None
40004 None
40004 None
40004 None
40004 None
40004 None
40004 None
40004 None
40004 None
40004 None
40004 None
40004 None
40004 None
40004 None
40004 None
40004 None
40004 None
40004 None
40004 None
40004 None
40004 None
40004 None
40004 None
40004 None
40004 None
40004 None
40004 None
40004 None
40004 None
40004 None
40004 None
40004 None
40004 None
40004 None
40004 None
40004 None
40004 None
40004 None
40004 None
40004 None
40004 None
40004 None
40004 None
40004 None
40004 None
40004 None
40004 None
40004 None
40004 None
40004 None
40004 None
40004 None
40004 None
40004 None
40004 None
40004 None
40004 None
40004 None
40004 None
40004 None
40004 None
40004 None
40004 None
40004 None
40004 None
40004 None
40004 None
40004 None
40004 None
40004 None
40004 None
40004 None
40004 None
40004 None
40004 None
40004 None
40004 None
40004 None
40004 None
40004 None
40004 None
40004 None
40004 None
40004 None
40004 None
40004 None
40004 None
40004 None
40004 None
40004 None
40004 None
40004 None
40004 None
40004 None
40004 None
40004 None
40004 None
40004 None
40004 None
40004 None
40004 None
40004 None
40004 None
40004 None
40004 None
40004 None
40004 None
40004 None
40004 None
40004 None
40004 None
40004 None
40004 None
40004 None
40004 None
40004 None
40004 None
40004 None
40004 None
40004 None
40004 None
40004 None
40004 None
40004 None
40004 None
40004 None
40004 None
40004 None
40004 None
40004 None
40004 None
40004 None
40004 None
40004 None
40004 None
40004 None
40004 None
40004 None
40004 None
40004 None
40004 None
40004 None
40004 None
40004 None
40004 None
40004 None
40004 None
40004 None
40004 None
40004 None
40004 None
40004 None
40004 None
40004 None
40004 None
40004 None
40004 None
40004 None
40004 None
40004 None
40004 None
40004 None
40004 None
40004 None
40004 None
40004 None
40004 None
40004 None
40004 None
40004 None
40004 None
40004 None
40004 None
40004 None
40004 None
40004 None
40004 None
40004 None
40004 None
40004 None
40004 None
40004 None
40004 None
40004 None
40004 None
40004 None
40004 None
40004 None
40004 None
40004 None
40004 None
40004 None
40004 None
40004 None
40004 None
40004 None
40004 None
40004 None
40004 None
40004 None
40004 None
40004 None
40004 None
40004 None
40004 None
40004 None
40004 None
40004 None
40004 None
40004 None
40004 None
40004 None
40004 None
40004 None
40004 None
40004 None
40004 None
40004 None
40004 None
40004 None
40004 None
40004 None
40004 None
40004 None
40004 None
40004 None
40004 None
40004 None
40004 None
40004 None
40004 None
40004 None
40004 None
40004 None
40004 None
40004 None
40004 None
40004 None
40004 None
40004 None
40004 None
40004 None
40004 None
40004 None
40004 None
40004 None
40004 None
40004 None
40004 None
40004 None
40004 None
40004 None
40004 None
40004 None
40004 None
40004 None
40004 None
40004 None
40004 None
40004 None
40004 None
40004 None
40004 None
40004 None
40004 None
40004 None
40004 None
40004 None
40004 None
40004 None
40004 None
40004 None
40004 None
40004 None
40004 None
40004 None
40004 None
40004 None
40004 None
40004 None
40004 None
40004 None
40004 None
40004 None
40004 None
40004 None
40004 None
40004 None
40004 None
40004 None
40004 None
40004 None
40004 None
40004 None
40004 None
40004 None
40004 None
40004 None
40004 None
40004 None
40004 None
40004 None
40004 None
40004 None
40004 None
40004 None
40004 None
40004 None
40004 None
40004 None
40004 None
40004 None
40004 None
40004 None
40004 None
40004 None
40004 None
40004 None
40004 None
40004 None
40004 None
40004 None
40002 None
[pid: 11793|app: 0|req: 3/25] 127.0.0.1 () {48 vars in 906 bytes} [Sun May  6 16:02:22 2018] POST /orders/check => generated 65 bytes in 854294 msecs (HTTP/1.1 200) 3 headers in 94 bytes (1 switches on core 1)
[pid: 11793|app: 0|req: 4/26] 127.0.0.1 () {42 vars in 737 bytes} [Mon May  7 16:02:34 2018] GET /detail/1 => generated 12916 bytes in 685 msecs (HTTP/1.1 200) 4 headers in 224 bytes (1 switches on core 0)
[pid: 11794|app: 0|req: 14/27] 127.0.0.1 () {44 vars in 819 bytes} [Mon May  7 16:02:37 2018] GET /users/login?next=/orders/place => generated 2470 bytes in 201 msecs (HTTP/1.1 200) 4 headers in 224 bytes (1 switches on core 1)
[pid: 11792|app: 0|req: 6/28] 127.0.0.1 () {44 vars in 834 bytes} [Mon May  7 16:02:47 2018] GET /cart => generated 0 bytes in 239 msecs (HTTP/1.1 301) 3 headers in 137 bytes (1 switches on core 1)
没有缓存，从mysql数据库中读取
[pid: 11793|app: 0|req: 5/29] 127.0.0.1 () {42 vars in 780 bytes} [Mon May  7 16:02:50 2018] GET /index => generated 19001 bytes in 332 msecs (HTTP/1.1 200) 3 headers in 102 bytes (1 switches on core 1)
[pid: 11795|app: 0|req: 5/30] 127.0.0.1 () {50 vars in 968 bytes} [Mon May  7 16:02:53 2018] POST /orders/place => generated 6645 bytes in 482 msecs (HTTP/1.1 200) 4 headers in 224 bytes (1 switches on core 1)
[pid: 11794|app: 0|req: 15/31] 127.0.0.1 () {42 vars in 805 bytes} [Mon May  7 16:03:02 2018] GET /users/orders/1 => generated 7552 bytes in 265 msecs (HTTP/1.1 200) 4 headers in 224 bytes (1 switches on core 0)
[pid: 11794|app: 0|req: 16/32] 127.0.0.1 () {48 vars in 906 bytes} [Mon May  7 16:03:06 2018] POST /orders/check => generated 27 bytes in 679 msecs (HTTP/1.1 500) 3 headers in 106 bytes (1 switches on core 1)
